app/build/intermediates/manifest_merge_blame_file/debug/manifest-merger-blame-debug-report.txt
1<?xml version="1.0" encoding="utf-8"?>
2<manifest xmlns:android="http://schemas.android.com/apk/res/android"
3    package="com.example.hey"
4    android:versionCode="1"
5    android:versionName="1.0" >
6
7    <uses-sdk
8        android:minSdkVersion="16"
8-->src/main/AndroidManifest.xml
9        android:targetSdkVersion="30" />
9-->src/main/AndroidManifest.xml
10
11    <!-- Although the *SdkVersion is captured in gradle build files, this is required for non gradle builds -->
12    <!-- <uses-sdk android:minSdkVersion="14"/> -->
13    <uses-permission android:name="android.permission.ACCESS_NETWORK_STATE" />
13-->[com.google.firebase:firebase-database:19.7.0] AndroidManifest.xml:25:5-79
13-->[com.google.firebase:firebase-database:19.7.0] AndroidManifest.xml:25:22-76
14    <uses-permission android:name="android.permission.INTERNET" />
14-->[com.google.firebase:firebase-database:19.7.0] AndroidManifest.xml:26:5-67
14-->[com.google.firebase:firebase-database:19.7.0] AndroidManifest.xml:26:22-64
15
16    <application
16-->src/main/AndroidManifest.xml:5:5-29:19
17        android:allowBackup="true"
17-->src/main/AndroidManifest.xml:6:9-35
18        android:appComponentFactory="androidx.core.app.CoreComponentFactory"
18-->[androidx.core:core:1.3.1] AndroidManifest.xml:24:18-86
19        android:debuggable="true"
20        android:icon="@mipmap/ic_launcher"
20-->src/main/AndroidManifest.xml:7:9-43
21        android:label="@string/app_name"
21-->src/main/AndroidManifest.xml:8:9-41
22        android:roundIcon="@mipmap/ic_launcher_round"
22-->src/main/AndroidManifest.xml:9:9-54
23        android:supportsRtl="true"
23-->src/main/AndroidManifest.xml:10:9-35
24        android:testOnly="true"
25        android:theme="@style/Theme.Hey" >
25-->src/main/AndroidManifest.xml:11:9-41
26        <activity
26-->src/main/AndroidManifest.xml:12:9-13:59
27            android:name="com.example.hey.activities.ChatActivity"
27-->src/main/AndroidManifest.xml:12:19-58
28            android:theme="@style/Theme.Hey.NoActionBar" />
28-->src/main/AndroidManifest.xml:13:13-57
29        <activity android:name="com.example.hey.activities.ProfileSetup" />
29-->src/main/AndroidManifest.xml:14:9-61
29-->src/main/AndroidManifest.xml:14:19-58
30        <activity
30-->src/main/AndroidManifest.xml:15:9-16:63
31            android:name="com.example.hey.activities.OTPVerifyActivity"
31-->src/main/AndroidManifest.xml:15:19-63
32            android:windowSoftInputMode="stateAlwaysVisible" />
32-->src/main/AndroidManifest.xml:16:13-61
33        <activity
33-->src/main/AndroidManifest.xml:17:9-24:20
34            android:name="com.example.hey.activities.OTPActivity"
34-->src/main/AndroidManifest.xml:17:19-57
35            android:windowSoftInputMode="stateAlwaysVisible" >
35-->src/main/AndroidManifest.xml:18:13-61
36            <intent-filter>
36-->src/main/AndroidManifest.xml:19:13-23:29
37                <action android:name="android.intent.action.MAIN" />
37-->src/main/AndroidManifest.xml:20:17-69
37-->src/main/AndroidManifest.xml:20:25-66
38
39                <category android:name="android.intent.category.LAUNCHER" />
39-->src/main/AndroidManifest.xml:22:17-77
39-->src/main/AndroidManifest.xml:22:27-74
40            </intent-filter>
41        </activity>
42
43        <meta-data
43-->src/main/AndroidManifest.xml:26:9-28:57
44            android:name="preloaded_fonts"
44-->src/main/AndroidManifest.xml:27:13-43
45            android:resource="@array/preloaded_fonts" />
45-->src/main/AndroidManifest.xml:28:13-54
46
47        <service
47-->[com.google.firebase:firebase-database:19.7.0] AndroidManifest.xml:29:9-35:19
48            android:name="com.google.firebase.components.ComponentDiscoveryService"
48-->[com.google.firebase:firebase-database:19.7.0] AndroidManifest.xml:30:13-84
49            android:directBootAware="true"
49-->[com.google.firebase:firebase-common:19.5.0] AndroidManifest.xml:35:13-43
50            android:exported="false" >
50-->[com.google.firebase:firebase-database:19.7.0] AndroidManifest.xml:31:13-37
51            <meta-data
51-->[com.google.firebase:firebase-database:19.7.0] AndroidManifest.xml:32:13-34:85
52                android:name="com.google.firebase.components:com.google.firebase.database.DatabaseRegistrar"
52-->[com.google.firebase:firebase-database:19.7.0] AndroidManifest.xml:33:17-109
53                android:value="com.google.firebase.components.ComponentRegistrar" />
53-->[com.google.firebase:firebase-database:19.7.0] AndroidManifest.xml:34:17-82
54            <meta-data
54-->[com.google.firebase:firebase-auth:19.3.2] AndroidManifest.xml:36:13-38:85
55                android:name="com.google.firebase.components:com.google.firebase.auth.FirebaseAuthRegistrar"
55-->[com.google.firebase:firebase-auth:19.3.2] AndroidManifest.xml:37:17-109
56                android:value="com.google.firebase.components.ComponentRegistrar" />
56-->[com.google.firebase:firebase-auth:19.3.2] AndroidManifest.xml:38:17-82
57            <meta-data
57-->[com.google.firebase:firebase-storage:19.2.2] AndroidManifest.xml:33:13-35:85
58                android:name="com.google.firebase.components:com.google.firebase.storage.StorageRegistrar"
58-->[com.google.firebase:firebase-storage:19.2.2] AndroidManifest.xml:34:17-107
59                android:value="com.google.firebase.components.ComponentRegistrar" />
59-->[com.google.firebase:firebase-storage:19.2.2] AndroidManifest.xml:35:17-82
60            <!--
61                This registrar is not defined in the dynamic-module-support sdk itself to allow non-firebase
62                clients to use it as well, by defining this registrar in their own core/common library.
63            -->
64            <meta-data
64-->[com.google.firebase:firebase-common:19.5.0] AndroidManifest.xml:43:13-45:85
65                android:name="com.google.firebase.components:com.google.firebase.dynamicloading.DynamicLoadingRegistrar"
65-->[com.google.firebase:firebase-common:19.5.0] AndroidManifest.xml:44:17-121
66                android:value="com.google.firebase.components.ComponentRegistrar" />
66-->[com.google.firebase:firebase-common:19.5.0] AndroidManifest.xml:45:17-82
67        </service>
68
69        <activity
69-->[com.google.firebase:firebase-auth:19.3.2] AndroidManifest.xml:24:9-31:50
70            android:name="com.google.firebase.auth.internal.FederatedSignInActivity"
70-->[com.google.firebase:firebase-auth:19.3.2] AndroidManifest.xml:25:13-85
71            android:excludeFromRecents="true"
71-->[com.google.firebase:firebase-auth:19.3.2] AndroidManifest.xml:26:13-46
72            android:exported="true"
72-->[com.google.firebase:firebase-auth:19.3.2] AndroidManifest.xml:27:13-36
73            android:launchMode="singleTask"
73-->[com.google.firebase:firebase-auth:19.3.2] AndroidManifest.xml:28:13-44
74            android:permission="com.google.firebase.auth.api.gms.permission.LAUNCH_FEDERATED_SIGN_IN"
74-->[com.google.firebase:firebase-auth:19.3.2] AndroidManifest.xml:29:13-102
75            android:theme="@android:style/Theme.Translucent.NoTitleBar" />
75-->[com.google.firebase:firebase-auth:19.3.2] AndroidManifest.xml:30:13-72
76
77        <provider
77-->[com.google.firebase:firebase-common:19.5.0] AndroidManifest.xml:26:9-31:39
78            android:name="com.google.firebase.provider.FirebaseInitProvider"
78-->[com.google.firebase:firebase-common:19.5.0] AndroidManifest.xml:27:13-77
79            android:authorities="com.example.hey.firebaseinitprovider"
79-->[com.google.firebase:firebase-common:19.5.0] AndroidManifest.xml:28:13-72
80            android:directBootAware="true"
80-->[com.google.firebase:firebase-common:19.5.0] AndroidManifest.xml:29:13-43
81            android:exported="false"
81-->[com.google.firebase:firebase-common:19.5.0] AndroidManifest.xml:30:13-37
82            android:initOrder="100" />
82-->[com.google.firebase:firebase-common:19.5.0] AndroidManifest.xml:31:13-36
83
84        <activity
84-->[com.google.android.gms:play-services-base:17.1.0] AndroidManifest.xml:23:9-26:75
85            android:name="com.google.android.gms.common.api.GoogleApiActivity"
85-->[com.google.android.gms:play-services-base:17.1.0] AndroidManifest.xml:24:13-79
86            android:exported="false"
86-->[com.google.android.gms:play-services-base:17.1.0] AndroidManifest.xml:25:13-37
87            android:theme="@android:style/Theme.Translucent.NoTitleBar" />
87-->[com.google.android.gms:play-services-base:17.1.0] AndroidManifest.xml:26:13-72
88
89        <meta-data
89-->[com.google.android.gms:play-services-basement:17.0.0] AndroidManifest.xml:23:9-25:69
90            android:name="com.google.android.gms.version"
90-->[com.google.android.gms:play-services-basement:17.0.0] AndroidManifest.xml:24:13-58
91            android:value="@integer/google_play_services_version" />
91-->[com.google.android.gms:play-services-basement:17.0.0] AndroidManifest.xml:25:13-66
92    </application>
93
94</manifest>